Using pre-set license
Built from '2020.3/staging' branch; Version is '2020.3.33f1 (915a7af8b0d5) revision 9525882'; Using compiler version '192528614'; Build Type 'Release'
OS: 'Windows 10  (10.0.19045) 64bit CoreSingleLanguage' Language: 'es' Physical Memory: 7563 MB
BatchMode: 1, IsHumanControllingUs: 0, StartBugReporterOnCrash: 0, Is64bit: 1, IsPro: 0

COMMAND LINE ARGUMENTS:
C:\Program Files\Unity\Hub\Editor\2020.3.33f1\Editor\Unity.exe
-adb2
-batchMode
-noUpm
-name
AssetImportWorker0
-projectPath
D:/ProyectosUnity/Plataform2D/JuegoPlataforma2D
-logFile
Logs/AssetImportWorker0.log
-srvPort
58509
Successfully changed project path to: D:/ProyectosUnity/Plataform2D/JuegoPlataforma2D
D:/ProyectosUnity/Plataform2D/JuegoPlataforma2D
Using Asset Import Pipeline V2.
Refreshing native plugins compatible for Editor in 43.79 ms, found 3 plugins.
Preloading 0 native plugins for Editor in 0.00 ms.
Initialize engine version: 2020.3.33f1 (915a7af8b0d5)
[Subsystems] Discovering subsystems at path C:/Program Files/Unity/Hub/Editor/2020.3.33f1/Editor/Data/Resources/UnitySubsystems
[Subsystems] Discovering subsystems at path D:/ProyectosUnity/Plataform2D/JuegoPlataforma2D/Assets
GfxDevice: creating device client; threaded=0
Direct3D:
    Version:  Direct3D 11.0 [level 11.1]
    Renderer: AMD Radeon(TM) Graphics (ID=0x164c)
    Vendor:   
    VRAM:     3781 MB
    Driver:   30.0.13044.14002
Initialize mono
Mono path[0] = 'C:/Program Files/Unity/Hub/Editor/2020.3.33f1/Editor/Data/Managed'
Mono path[1] = 'C:/Program Files/Unity/Hub/Editor/2020.3.33f1/Editor/Data/MonoBleedingEdge/lib/mono/unityjit'
Mono config path = 'C:/Program Files/Unity/Hub/Editor/2020.3.33f1/Editor/Data/MonoBleedingEdge/etc'
Using monoOptions --debugger-agent=transport=dt_socket,embedding=1,server=y,suspend=n,address=127.0.0.1:56040
Begin MonoManager ReloadAssembly
Registering precompiled unity dll's ...
Register platform support module: C:/Program Files/Unity/Hub/Editor/2020.3.33f1/Editor/Data/PlaybackEngines/WindowsStandaloneSupport/UnityEditor.WindowsStandalone.Extensions.dll
Registered in 0.001950 seconds.
Native extension for WindowsStandalone target not found
Refreshing native plugins compatible for Editor in 45.81 ms, found 3 plugins.
Preloading 0 native plugins for Editor in 0.00 ms.
Mono: successfully reloaded assembly
- Completed reload, in  0.597 seconds
Domain Reload Profiling:
	ReloadAssembly (597ms)
		BeginReloadAssembly (71ms)
			ExecutionOrderSort (0ms)
			DisableScriptedObjects (0ms)
			BackupInstance (0ms)
			ReleaseScriptingObjects (0ms)
			CreateAndSetChildDomain (1ms)
		EndReloadAssembly (452ms)
			LoadAssemblies (68ms)
			RebuildTransferFunctionScriptingTraits (0ms)
			SetupTypeCache (133ms)
			ReleaseScriptCaches (0ms)
			RebuildScriptCaches (38ms)
			SetupLoadedEditorAssemblies (175ms)
				LogAssemblyErrors (0ms)
				InitializePlatformSupportModulesInManaged (4ms)
				SetLoadedEditorAssemblies (0ms)
				RefreshPlugins (46ms)
				BeforeProcessingInitializeOnLoad (17ms)
				ProcessInitializeOnLoadAttributes (80ms)
				ProcessInitializeOnLoadMethodAttributes (27ms)
				AfterProcessingInitializeOnLoad (0ms)
				EditorAssembliesLoaded (0ms)
			ExecutionOrderSort2 (0ms)
			AwakeInstancesAfterBackupRestoration (0ms)
Platform modules already initialized, skipping
Registering precompiled user dll's ...
Registered in 0.002021 seconds.
Begin MonoManager ReloadAssembly
Symbol file LoadedFromMemory doesn't match image D:\ProyectosUnity\Plataform2D\JuegoPlataforma2D\Library\PackageCache\com.unity.collab-proxy@1.15.15\Lib\Editor\PlasticSCM\unityplastic.dll
Native extension for WindowsStandalone target not found
Refreshing native plugins compatible for Editor in 44.91 ms, found 3 plugins.
Preloading 0 native plugins for Editor in 0.00 ms.
Mono: successfully reloaded assembly
- Completed reload, in  1.125 seconds
Domain Reload Profiling:
	ReloadAssembly (1126ms)
		BeginReloadAssembly (151ms)
			ExecutionOrderSort (0ms)
			DisableScriptedObjects (5ms)
			BackupInstance (0ms)
			ReleaseScriptingObjects (0ms)
			CreateAndSetChildDomain (22ms)
		EndReloadAssembly (911ms)
			LoadAssemblies (93ms)
			RebuildTransferFunctionScriptingTraits (0ms)
			SetupTypeCache (279ms)
			ReleaseScriptCaches (1ms)
			RebuildScriptCaches (59ms)
			SetupLoadedEditorAssemblies (370ms)
				LogAssemblyErrors (0ms)
				InitializePlatformSupportModulesInManaged (3ms)
				SetLoadedEditorAssemblies (0ms)
				RefreshPlugins (45ms)
				BeforeProcessingInitializeOnLoad (88ms)
				ProcessInitializeOnLoadAttributes (205ms)
				ProcessInitializeOnLoadMethodAttributes (21ms)
				AfterProcessingInitializeOnLoad (8ms)
				EditorAssembliesLoaded (0ms)
			ExecutionOrderSort2 (0ms)
			AwakeInstancesAfterBackupRestoration (7ms)
Platform modules already initialized, skipping
========================================================================
Worker process is ready to serve import requests
Launched and connected shader compiler UnityShaderCompiler.exe after 0.06 seconds
Refreshing native plugins compatible for Editor in 0.53 ms, found 3 plugins.
Preloading 0 native plugins for Editor in 0.00 ms.
Unloading 2203 Unused Serialized files (Serialized files now loaded: 0)
System memory in use before: 97.1 MB.
System memory in use after: 97.0 MB.

Unloading 31 unused Assets to reduce memory usage. Loaded Objects now: 2633.
Total: 3.821600 ms (FindLiveObjects: 0.320200 ms CreateObjectMapping: 0.116700 ms MarkObjects: 3.226700 ms  DeleteObjects: 0.156500 ms)

AssetImportParameters requested are different than current active one (requested -> active):
  custom:framework-win-MediaFoundation: 216162199b28c13a410421893ffa2e32 -> 
  custom:video-decoder-ogg-theora: a1e56fd34408186e4bbccfd4996cb3dc -> 
  custom:container-muxer-webm: aa71ff27fc2769a1b78a27578f13a17b -> 
  custom:container-demuxer-webm: 4f35f7cbe854078d1ac9338744f61a02 -> 
  custom:container-demuxer-ogg: 62fdf1f143b41e24485cea50d1cbac27 -> 
  custom:video-encoder-webm-vp8: eb34c28f22e8b96e1ab97ce403110664 -> 
  custom:video-decoder-webm-vp8: 9c59270c3fd7afecdb556c50c9e8de78 -> 
  custom:audio-decoder-ogg-vorbis: bf7c407c2cedff20999df2af8eb42d56 -> 
  custom:audio-encoder-webm-vorbis: bf7c407c2cedff20999df2af8eb42d56 -> 
========================================================================
Received Import Request.
  path: Assets/sprites 1
  artifactKey: Guid(786e678c9b7a52440bf86218d97f1028) Importer(815301076,1909f56bfc062723c751e8b465ee728b)
Start importing Assets/sprites 1 using Guid(786e678c9b7a52440bf86218d97f1028) Importer(815301076,1909f56bfc062723c751e8b465ee728b)  -> (artifact id: '23c0216815676dd713b505193b27382c') in 0.006076 seconds 
========================================================================
Received Import Request.
  Time since last request: 10.032655 seconds.
  path: Assets/Animations
  artifactKey: Guid(786e678c9b7a52440bf86218d97f1028) Importer(815301076,1909f56bfc062723c751e8b465ee728b)
Start importing Assets/Animations using Guid(786e678c9b7a52440bf86218d97f1028) Importer(815301076,1909f56bfc062723c751e8b465ee728b)  -> (artifact id: '6cbbc5d4226b51de2ff5279e7f625237') in 0.001229 seconds 
========================================================================
Received Import Request.
  Time since last request: 3.706968 seconds.
  path: Assets/Animations 1
  artifactKey: Guid(de950bb2900418641a310c27df3c24bc) Importer(815301076,1909f56bfc062723c751e8b465ee728b)
Start importing Assets/Animations 1 using Guid(de950bb2900418641a310c27df3c24bc) Importer(815301076,1909f56bfc062723c751e8b465ee728b)  -> (artifact id: '55b5b3e0d60e5db221752c316365edbf') in 0.001492 seconds 
========================================================================
Received Import Request.
  Time since last request: 10.679730 seconds.
  path: Assets/Characters
  artifactKey: Guid(de950bb2900418641a310c27df3c24bc) Importer(815301076,1909f56bfc062723c751e8b465ee728b)
Start importing Assets/Characters using Guid(de950bb2900418641a310c27df3c24bc) Importer(815301076,1909f56bfc062723c751e8b465ee728b)  -> (artifact id: 'f70b2ca54f39cbce4b8e5511df810d16') in 0.001224 seconds 
========================================================================
Received Import Request.
  Time since last request: 528.946920 seconds.
  path: Assets/Audio
  artifactKey: Guid(17a8733bede4cb04b9cc4857b49eb59c) Importer(815301076,1909f56bfc062723c751e8b465ee728b)
Start importing Assets/Audio using Guid(17a8733bede4cb04b9cc4857b49eb59c) Importer(815301076,1909f56bfc062723c751e8b465ee728b)  -> (artifact id: '04b9bd451706fcac2dff4ebf7ae46547') in 0.001386 seconds 
========================================================================
Received Import Request.
  Time since last request: 15.029544 seconds.
  path: Assets/Audio/coin.wav
  artifactKey: Guid(38c702b2764bf1149a0c31b837f46e96) Importer(815301076,1909f56bfc062723c751e8b465ee728b)
Start importing Assets/Audio/coin.wav using Guid(38c702b2764bf1149a0c31b837f46e96) Importer(815301076,1909f56bfc062723c751e8b465ee728b)  -> (artifact id: 'be54f5ec6e94c441302734ecff426864') in 0.109291 seconds 
========================================================================
Received Import Request.
  Time since last request: 0.000269 seconds.
  path: Assets/Audio/heroHit.wav
  artifactKey: Guid(2a36fb82530a7214fa7a3f8284b24327) Importer(815301076,1909f56bfc062723c751e8b465ee728b)
Start importing Assets/Audio/heroHit.wav using Guid(2a36fb82530a7214fa7a3f8284b24327) Importer(815301076,1909f56bfc062723c751e8b465ee728b)  -> (artifact id: 'bf5289a123f1a2df0459117154c306d6') in 0.010743 seconds 
========================================================================
Received Import Request.
  Time since last request: 0.000249 seconds.
  path: Assets/Audio/jump.wav
  artifactKey: Guid(62b1046ef366afa44aa46e5c6873f025) Importer(815301076,1909f56bfc062723c751e8b465ee728b)
Start importing Assets/Audio/jump.wav using Guid(62b1046ef366afa44aa46e5c6873f025) Importer(815301076,1909f56bfc062723c751e8b465ee728b)  -> (artifact id: '203426ab53b564fd004aaf7a73f89484') in 0.007342 seconds 
========================================================================
Received Import Request.
  Time since last request: 0.000232 seconds.
  path: Assets/Audio/enemyHit.wav
  artifactKey: Guid(67c2d03e998e30140b268f2a068624a5) Importer(815301076,1909f56bfc062723c751e8b465ee728b)
Start importing Assets/Audio/enemyHit.wav using Guid(67c2d03e998e30140b268f2a068624a5) Importer(815301076,1909f56bfc062723c751e8b465ee728b)  -> (artifact id: '589f057b2e97626a7fa7f12600e6c825') in 0.009335 seconds 
========================================================================
Received Import Request.
  Time since last request: 0.000267 seconds.
  path: Assets/Audio/win.wav
  artifactKey: Guid(d96f7c28d6e795c40899bef4a2618183) Importer(815301076,1909f56bfc062723c751e8b465ee728b)
Start importing Assets/Audio/win.wav using Guid(d96f7c28d6e795c40899bef4a2618183) Importer(815301076,1909f56bfc062723c751e8b465ee728b)  -> (artifact id: 'a9b9dda2de163426cc7a691b2f85ce29') in 0.020755 seconds 
========================================================================
Received Import Request.
  Time since last request: 0.000494 seconds.
  path: Assets/Audio/gui.wav
  artifactKey: Guid(b543afd6b72b71e4d8a197068b676c76) Importer(815301076,1909f56bfc062723c751e8b465ee728b)
Start importing Assets/Audio/gui.wav using Guid(b543afd6b72b71e4d8a197068b676c76) Importer(815301076,1909f56bfc062723c751e8b465ee728b)  -> (artifact id: '50ec60193961429e5292785e89a81e98') in 0.011359 seconds 
========================================================================
Received Import Request.
  Time since last request: 0.000346 seconds.
  path: Assets/Audio/gameplay.mp3
  artifactKey: Guid(d91b1a0b01250bf4da0112354f7f223d) Importer(815301076,1909f56bfc062723c751e8b465ee728b)
Start importing Assets/Audio/gameplay.mp3 using Guid(d91b1a0b01250bf4da0112354f7f223d) Importer(815301076,1909f56bfc062723c751e8b465ee728b)  -> (artifact id: '984865a39c5d1a2db0a4f6af1b4647de') in 0.010086 seconds 
========================================================================
Received Import Request.
  Time since last request: 87.080242 seconds.
  path: Assets/sprites
  artifactKey: Guid(c3badbc460c78924fb5da9b3842d6379) Importer(815301076,1909f56bfc062723c751e8b465ee728b)
Start importing Assets/sprites using Guid(c3badbc460c78924fb5da9b3842d6379) Importer(815301076,1909f56bfc062723c751e8b465ee728b)  -> (artifact id: '325acf19b90ea9246de4bb56b38fba34') in 0.001272 seconds 
========================================================================
Received Import Request.
  Time since last request: 11.872418 seconds.
  path: Assets/sprites/CursoSprites
  artifactKey: Guid(a6f4188d53d0d2b4d9c1e874b7b3b177) Importer(815301076,1909f56bfc062723c751e8b465ee728b)
Start importing Assets/sprites/CursoSprites using Guid(a6f4188d53d0d2b4d9c1e874b7b3b177) Importer(815301076,1909f56bfc062723c751e8b465ee728b)  -> (artifact id: '784d8cf5967704df187936870de5110b') in 0.001453 seconds 
========================================================================
Received Import Request.
  Time since last request: 23.484219 seconds.
  path: Assets/sprites/CursoSprites/Gameplay
  artifactKey: Guid(f8499fe7c1d224742a31fba439474184) Importer(815301076,1909f56bfc062723c751e8b465ee728b)
Start importing Assets/sprites/CursoSprites/Gameplay using Guid(f8499fe7c1d224742a31fba439474184) Importer(815301076,1909f56bfc062723c751e8b465ee728b)  -> (artifact id: '7c94006b4ad20ea85b747fc30df9a6eb') in 0.002612 seconds 
========================================================================
Received Import Request.
  Time since last request: 0.037862 seconds.
  path: Assets/sprites/CursoSprites/Gameplay/bat.png
  artifactKey: Guid(47d5dc77118eab940a4f36ec7bbd969f) Importer(815301076,1909f56bfc062723c751e8b465ee728b)
Start importing Assets/sprites/CursoSprites/Gameplay/bat.png using Guid(47d5dc77118eab940a4f36ec7bbd969f) Importer(815301076,1909f56bfc062723c751e8b465ee728b)  -> (artifact id: '6c9de80eb058fe63188a04ea5d8a3b65') in 0.030979 seconds 
========================================================================
Received Import Request.
  Time since last request: 0.000271 seconds.
  path: Assets/sprites/CursoSprites/Gameplay/flame.png
  artifactKey: Guid(9c27b1a65d8f4a441a7d37d79aa18a48) Importer(815301076,1909f56bfc062723c751e8b465ee728b)
Start importing Assets/sprites/CursoSprites/Gameplay/flame.png using Guid(9c27b1a65d8f4a441a7d37d79aa18a48) Importer(815301076,1909f56bfc062723c751e8b465ee728b)  -> (artifact id: 'd70a2cdbef2d0f4dfa18f9c553aebbe4') in 0.009082 seconds 
========================================================================
Received Import Request.
  Time since last request: 0.000278 seconds.
  path: Assets/sprites/CursoSprites/Gameplay/girl.png
  artifactKey: Guid(b363b86fefc66cc448c8aaa1b8eb49ff) Importer(815301076,1909f56bfc062723c751e8b465ee728b)
Start importing Assets/sprites/CursoSprites/Gameplay/girl.png using Guid(b363b86fefc66cc448c8aaa1b8eb49ff) Importer(815301076,1909f56bfc062723c751e8b465ee728b)  -> (artifact id: '1ecd653f16e8149a09a24fb5fe2abc79') in 0.011952 seconds 
========================================================================
Received Import Request.
  Time since last request: 0.000267 seconds.
  path: Assets/sprites/CursoSprites/Gameplay/coins.png
  artifactKey: Guid(f3e7ee5eddff5a440b26f3d8111b2b9b) Importer(815301076,1909f56bfc062723c751e8b465ee728b)
Start importing Assets/sprites/CursoSprites/Gameplay/coins.png using Guid(f3e7ee5eddff5a440b26f3d8111b2b9b) Importer(815301076,1909f56bfc062723c751e8b465ee728b)  -> (artifact id: 'b4cbf0a3fc1b2c4d191608b1a57b84ce') in 0.011179 seconds 
========================================================================
Received Import Request.
  Time since last request: 0.000274 seconds.
  path: Assets/sprites/CursoSprites/Gameplay/boy.png
  artifactKey: Guid(1008b0db80693c24eb4627f0643e04eb) Importer(815301076,1909f56bfc062723c751e8b465ee728b)
Start importing Assets/sprites/CursoSprites/Gameplay/boy.png using Guid(1008b0db80693c24eb4627f0643e04eb) Importer(815301076,1909f56bfc062723c751e8b465ee728b)  -> (artifact id: 'fe3bcb5a9920485450c88e277a31a511') in 0.009824 seconds 
========================================================================
Received Import Request.
  Time since last request: 0.000225 seconds.
  path: Assets/sprites/CursoSprites/Gameplay/calab.png
  artifactKey: Guid(c1926f6724967ca48b8b048a6662725c) Importer(815301076,1909f56bfc062723c751e8b465ee728b)
Start importing Assets/sprites/CursoSprites/Gameplay/calab.png using Guid(c1926f6724967ca48b8b048a6662725c) Importer(815301076,1909f56bfc062723c751e8b465ee728b)  -> (artifact id: '5e0e820486884c7ec545aa8ec0a32ba7') in 0.010068 seconds 
========================================================================
Received Import Request.
  Time since last request: 0.000248 seconds.
  path: Assets/sprites/CursoSprites/Gameplay/heart.png
  artifactKey: Guid(b3314723cb986c240adfbc35f52b4111) Importer(815301076,1909f56bfc062723c751e8b465ee728b)
Start importing Assets/sprites/CursoSprites/Gameplay/heart.png using Guid(b3314723cb986c240adfbc35f52b4111) Importer(815301076,1909f56bfc062723c751e8b465ee728b)  -> (artifact id: '3efa0ce28d08df57a45111e0245654f9') in 0.045933 seconds 
========================================================================
Received Import Request.
  Time since last request: 0.000325 seconds.
  path: Assets/sprites/CursoSprites/Gameplay/pop.png
  artifactKey: Guid(979124cce39228b48a2e9a89325de23e) Importer(815301076,1909f56bfc062723c751e8b465ee728b)
Start importing Assets/sprites/CursoSprites/Gameplay/pop.png using Guid(979124cce39228b48a2e9a89325de23e) Importer(815301076,1909f56bfc062723c751e8b465ee728b)  -> (artifact id: 'b4ce331dd78eb6ce8615fcecc9e5503a') in 0.010792 seconds 
========================================================================
Received Import Request.
  Time since last request: 0.000295 seconds.
  path: Assets/sprites/CursoSprites/Gameplay/gem.png
  artifactKey: Guid(27fa333cf925a5e4f9dd33dcb3272553) Importer(815301076,1909f56bfc062723c751e8b465ee728b)
Start importing Assets/sprites/CursoSprites/Gameplay/gem.png using Guid(27fa333cf925a5e4f9dd33dcb3272553) Importer(815301076,1909f56bfc062723c751e8b465ee728b)  -> (artifact id: 'f579437bafa8ec7280197b962dab3ff0') in 0.012087 seconds 
========================================================================
Received Import Request.
  Time since last request: 3.228271 seconds.
  path: Assets/sprites/CursoSprites/Gameplay/puff.png
  artifactKey: Guid(bb7dbfd4b524a564eace01e73826d472) Importer(815301076,1909f56bfc062723c751e8b465ee728b)
Start importing Assets/sprites/CursoSprites/Gameplay/puff.png using Guid(bb7dbfd4b524a564eace01e73826d472) Importer(815301076,1909f56bfc062723c751e8b465ee728b)  -> (artifact id: '8e16b49c4ae5e893a589179e59bd7284') in 0.012429 seconds 
========================================================================
Received Import Request.
  Time since last request: 0.000279 seconds.
  path: Assets/sprites/CursoSprites/Gameplay/shine.png
  artifactKey: Guid(27947dc3982393d439301d2a7b236e79) Importer(815301076,1909f56bfc062723c751e8b465ee728b)
Start importing Assets/sprites/CursoSprites/Gameplay/shine.png using Guid(27947dc3982393d439301d2a7b236e79) Importer(815301076,1909f56bfc062723c751e8b465ee728b)  -> (artifact id: 'd33d81096abe4f054bb873fb8c3eb31c') in 0.013425 seconds 
========================================================================
Received Import Request.
  Time since last request: 0.024595 seconds.
  path: Assets/sprites/CursoSprites/Gameplay/sign.png
  artifactKey: Guid(e7e500058a0859948a9fcac935667a81) Importer(815301076,1909f56bfc062723c751e8b465ee728b)
Start importing Assets/sprites/CursoSprites/Gameplay/sign.png using Guid(e7e500058a0859948a9fcac935667a81) Importer(815301076,1909f56bfc062723c751e8b465ee728b)  -> (artifact id: '2b4853796ad02900ee18530d22e5c3ba') in 0.010911 seconds 
========================================================================
Received Import Request.
  Time since last request: 0.000274 seconds.
  path: Assets/sprites/CursoSprites/Gameplay/slime.png
  artifactKey: Guid(69ee4483af8ded546809df4a3e251b13) Importer(815301076,1909f56bfc062723c751e8b465ee728b)
Start importing Assets/sprites/CursoSprites/Gameplay/slime.png using Guid(69ee4483af8ded546809df4a3e251b13) Importer(815301076,1909f56bfc062723c751e8b465ee728b)  -> (artifact id: '571df58812a56774a877813ca5cac478') in 0.025422 seconds 
========================================================================
Received Import Request.
  Time since last request: 0.114809 seconds.
  path: Assets/sprites/CursoSprites/Gameplay/spikes.png
  artifactKey: Guid(1f1ac27bea4a1334c999397f61e171ee) Importer(815301076,1909f56bfc062723c751e8b465ee728b)
Start importing Assets/sprites/CursoSprites/Gameplay/spikes.png using Guid(1f1ac27bea4a1334c999397f61e171ee) Importer(815301076,1909f56bfc062723c751e8b465ee728b)  -> (artifact id: '12125bfd9d9d2d1248c3385e21db49a2') in 0.012958 seconds 
========================================================================
Received Import Request.
  Time since last request: 0.000313 seconds.
  path: Assets/sprites/CursoSprites/Gameplay/trap.png
  artifactKey: Guid(ad64001a7e511e649a09633be4ae6fb4) Importer(815301076,1909f56bfc062723c751e8b465ee728b)
Start importing Assets/sprites/CursoSprites/Gameplay/trap.png using Guid(ad64001a7e511e649a09633be4ae6fb4) Importer(815301076,1909f56bfc062723c751e8b465ee728b)  -> (artifact id: 'd5c46498e714e97a6ecd9b34152493f5') in 0.009693 seconds 
========================================================================
Received Import Request.
  Time since last request: 645.917590 seconds.
  path: Assets/sprites/Background
  artifactKey: Guid(ab04d009a54e18249ac6b074842598bf) Importer(815301076,1909f56bfc062723c751e8b465ee728b)
Start importing Assets/sprites/Background using Guid(ab04d009a54e18249ac6b074842598bf) Importer(815301076,1909f56bfc062723c751e8b465ee728b)  -> (artifact id: '219fdfd1a4809ff08fdb189a608315bc') in 0.001342 seconds 
========================================================================
Received Import Request.
  Time since last request: 20.366429 seconds.
  path: Assets/sprites/Characters/Wizard/Attack_1.png
  artifactKey: Guid(19470fd8a31ece24da54190bf1d78d91) Importer(815301076,1909f56bfc062723c751e8b465ee728b)
Start importing Assets/sprites/Characters/Wizard/Attack_1.png using Guid(19470fd8a31ece24da54190bf1d78d91) Importer(815301076,1909f56bfc062723c751e8b465ee728b)  -> (artifact id: '6c03b10aea71c78ca3877731761217dc') in 0.087205 seconds 
========================================================================
Received Import Request.
  Time since last request: 0.000284 seconds.
  path: Assets/sprites/Characters/Wizard/Attack_3.png
  artifactKey: Guid(41f5e64f0eb0ebc4db7fb23ac542e059) Importer(815301076,1909f56bfc062723c751e8b465ee728b)
Start importing Assets/sprites/Characters/Wizard/Attack_3.png using Guid(41f5e64f0eb0ebc4db7fb23ac542e059) Importer(815301076,1909f56bfc062723c751e8b465ee728b)  -> (artifact id: '3b6c34276c76867fb157e0e048dc93ad') in 0.011748 seconds 
========================================================================
Received Import Request.
  Time since last request: 0.000293 seconds.
  path: Assets/sprites/Characters/Wizard/Hurt.png
  artifactKey: Guid(a82b3a3180082f54ea0df5d1b75646aa) Importer(815301076,1909f56bfc062723c751e8b465ee728b)
Start importing Assets/sprites/Characters/Wizard/Hurt.png using Guid(a82b3a3180082f54ea0df5d1b75646aa) Importer(815301076,1909f56bfc062723c751e8b465ee728b)  -> (artifact id: '40a3b32d4d4d5e294466991f2ed5543f') in 0.011559 seconds 
========================================================================
Received Import Request.
  Time since last request: 0.000314 seconds.
  path: Assets/sprites/Characters/Wizard/Run.png
  artifactKey: Guid(a8be05c881bc9a845940f1208f9eb699) Importer(815301076,1909f56bfc062723c751e8b465ee728b)
Start importing Assets/sprites/Characters/Wizard/Run.png using Guid(a8be05c881bc9a845940f1208f9eb699) Importer(815301076,1909f56bfc062723c751e8b465ee728b)  -> (artifact id: '2051ce11de01575428a5bf4dbaa51825') in 0.011791 seconds 
========================================================================
Received Import Request.
  Time since last request: 0.000277 seconds.
  path: Assets/sprites/Characters/Wizard/Idle_2.png
  artifactKey: Guid(75c0b558e81ffd944a767f4eff05ec2c) Importer(815301076,1909f56bfc062723c751e8b465ee728b)
Start importing Assets/sprites/Characters/Wizard/Idle_2.png using Guid(75c0b558e81ffd944a767f4eff05ec2c) Importer(815301076,1909f56bfc062723c751e8b465ee728b)  -> (artifact id: '439c445228e64683da9a0457feac6c7b') in 0.010863 seconds 
========================================================================
Received Import Request.
  Time since last request: 0.000305 seconds.
  path: Assets/sprites/Characters/Wizard/Jump.png
  artifactKey: Guid(ab3463347cd1015459a9c1be34ed97e1) Importer(815301076,1909f56bfc062723c751e8b465ee728b)
Start importing Assets/sprites/Characters/Wizard/Jump.png using Guid(ab3463347cd1015459a9c1be34ed97e1) Importer(815301076,1909f56bfc062723c751e8b465ee728b)  -> (artifact id: '2d72ee5c494905be00c319664f14c5df') in 0.011534 seconds 
========================================================================
Received Import Request.
  Time since last request: 0.000233 seconds.
  path: Assets/sprites/Characters/Wizard/Dead.png
  artifactKey: Guid(d867966879d5374468772adb402b79e8) Importer(815301076,1909f56bfc062723c751e8b465ee728b)
Start importing Assets/sprites/Characters/Wizard/Dead.png using Guid(d867966879d5374468772adb402b79e8) Importer(815301076,1909f56bfc062723c751e8b465ee728b)  -> (artifact id: '25bb0f2569770e6e70918c43c0a333af') in 0.010217 seconds 
========================================================================
Received Import Request.
  Time since last request: 0.000375 seconds.
  path: Assets/sprites/Characters/Wizard/Attack_2.png
  artifactKey: Guid(16c1d180899d652469dc794d9c3c7a99) Importer(815301076,1909f56bfc062723c751e8b465ee728b)
Start importing Assets/sprites/Characters/Wizard/Attack_2.png using Guid(16c1d180899d652469dc794d9c3c7a99) Importer(815301076,1909f56bfc062723c751e8b465ee728b)  -> (artifact id: '57aebddc61f846bb07fca04fa237d68d') in 0.010365 seconds 
========================================================================
Received Import Request.
  Time since last request: 0.000264 seconds.
  path: Assets/sprites/Characters/Wizard/Idle.png
  artifactKey: Guid(69562f5d3bb018a4fb8cf2f5d7de3284) Importer(815301076,1909f56bfc062723c751e8b465ee728b)
Start importing Assets/sprites/Characters/Wizard/Idle.png using Guid(69562f5d3bb018a4fb8cf2f5d7de3284) Importer(815301076,1909f56bfc062723c751e8b465ee728b)  -> (artifact id: '47b4014fb10f83b6104f3e1b348ddc20') in 0.016069 seconds 
========================================================================
Received Import Request.
  Time since last request: 4.211274 seconds.
  path: Assets/sprites/Characters/Wizard/Walk.png
  artifactKey: Guid(b78b46a951f37d14d85909728ffb605f) Importer(815301076,1909f56bfc062723c751e8b465ee728b)
Start importing Assets/sprites/Characters/Wizard/Walk.png using Guid(b78b46a951f37d14d85909728ffb605f) Importer(815301076,1909f56bfc062723c751e8b465ee728b)  -> (artifact id: '2aaf13aa4e4627992881548d148de529') in 0.013843 seconds 
========================================================================
Received Import Request.
  Time since last request: 29.197499 seconds.
  path: Assets/sprites/Characters/Wizard/Hurt.png
  artifactKey: Guid(a82b3a3180082f54ea0df5d1b75646aa) Importer(815301076,1909f56bfc062723c751e8b465ee728b)
Start importing Assets/sprites/Characters/Wizard/Hurt.png using Guid(a82b3a3180082f54ea0df5d1b75646aa) Importer(815301076,1909f56bfc062723c751e8b465ee728b)  -> (artifact id: '115ee71aac567c872956423a677f1eb7') in 0.010485 seconds 
========================================================================
Received Import Request.
  Time since last request: 0.034894 seconds.
  path: Assets/sprites/Characters/Wizard/Idle_2.png
  artifactKey: Guid(75c0b558e81ffd944a767f4eff05ec2c) Importer(815301076,1909f56bfc062723c751e8b465ee728b)
Start importing Assets/sprites/Characters/Wizard/Idle_2.png using Guid(75c0b558e81ffd944a767f4eff05ec2c) Importer(815301076,1909f56bfc062723c751e8b465ee728b)  -> (artifact id: 'dc5da21aa2a960e479178a2545e5517a') in 0.010115 seconds 
========================================================================
Received Import Request.
  Time since last request: 0.000290 seconds.
  path: Assets/sprites/Characters/Wizard/Run.png
  artifactKey: Guid(a8be05c881bc9a845940f1208f9eb699) Importer(815301076,1909f56bfc062723c751e8b465ee728b)
Start importing Assets/sprites/Characters/Wizard/Run.png using Guid(a8be05c881bc9a845940f1208f9eb699) Importer(815301076,1909f56bfc062723c751e8b465ee728b)  -> (artifact id: 'd79c71a751cfb29fd5e5cee0fdfeaf68') in 0.010123 seconds 
========================================================================
Received Import Request.
  Time since last request: 0.000311 seconds.
  path: Assets/sprites/Characters/Wizard/Jump.png
  artifactKey: Guid(ab3463347cd1015459a9c1be34ed97e1) Importer(815301076,1909f56bfc062723c751e8b465ee728b)
Start importing Assets/sprites/Characters/Wizard/Jump.png using Guid(ab3463347cd1015459a9c1be34ed97e1) Importer(815301076,1909f56bfc062723c751e8b465ee728b)  -> (artifact id: 'fff398a19a2541565971f76be90aee08') in 0.010141 seconds 
========================================================================
Received Import Request.
  Time since last request: 0.000274 seconds.
  path: Assets/sprites/Characters/Wizard/Walk.png
  artifactKey: Guid(b78b46a951f37d14d85909728ffb605f) Importer(815301076,1909f56bfc062723c751e8b465ee728b)
Start importing Assets/sprites/Characters/Wizard/Walk.png using Guid(b78b46a951f37d14d85909728ffb605f) Importer(815301076,1909f56bfc062723c751e8b465ee728b)  -> (artifact id: 'd791968595cf895910f4bbe967588bfa') in 0.009614 seconds 
========================================================================
Received Import Request.
  Time since last request: 5.383043 seconds.
  path: Assets/sprites/Characters/Wizard/Idle.png
  artifactKey: Guid(69562f5d3bb018a4fb8cf2f5d7de3284) Importer(815301076,1909f56bfc062723c751e8b465ee728b)
Start importing Assets/sprites/Characters/Wizard/Idle.png using Guid(69562f5d3bb018a4fb8cf2f5d7de3284) Importer(815301076,1909f56bfc062723c751e8b465ee728b)  -> (artifact id: '6a1efeaac1bb79112c7983ed48fb0159') in 0.009597 seconds 
========================================================================
Received Import Request.
  Time since last request: 15.760400 seconds.
  path: Assets/sprites/Characters/Wizard/Idle_2.png
  artifactKey: Guid(75c0b558e81ffd944a767f4eff05ec2c) Importer(815301076,1909f56bfc062723c751e8b465ee728b)
Start importing Assets/sprites/Characters/Wizard/Idle_2.png using Guid(75c0b558e81ffd944a767f4eff05ec2c) Importer(815301076,1909f56bfc062723c751e8b465ee728b)  -> (artifact id: '01d59d247a6064e1c1932128076e6ab7') in 0.006151 seconds 
========================================================================
Received Import Request.
  Time since last request: 55.570833 seconds.
  path: Assets/sprites/Characters/Wizard/Idle_2.png
  artifactKey: Guid(75c0b558e81ffd944a767f4eff05ec2c) Importer(815301076,1909f56bfc062723c751e8b465ee728b)
Start importing Assets/sprites/Characters/Wizard/Idle_2.png using Guid(75c0b558e81ffd944a767f4eff05ec2c) Importer(815301076,1909f56bfc062723c751e8b465ee728b)  -> (artifact id: 'b7d4dd4e088733ba53866a82215798e5') in 0.350365 seconds 
========================================================================
Received Import Request.
  Time since last request: 621.265964 seconds.
  path: Assets/sprites/Characters/Wizard/Dead.png
  artifactKey: Guid(d867966879d5374468772adb402b79e8) Importer(815301076,1909f56bfc062723c751e8b465ee728b)
Start importing Assets/sprites/Characters/Wizard/Dead.png using Guid(d867966879d5374468772adb402b79e8) Importer(815301076,1909f56bfc062723c751e8b465ee728b)  -> (artifact id: '6963daff5fa0ae0bbf0b54a63ff724d2') in 0.031229 seconds 
========================================================================
Received Import Request.
  Time since last request: 50.609319 seconds.
  path: Assets/sprites/Characters/Wizard/Attack_1.png
  artifactKey: Guid(19470fd8a31ece24da54190bf1d78d91) Importer(815301076,1909f56bfc062723c751e8b465ee728b)
Start importing Assets/sprites/Characters/Wizard/Attack_1.png using Guid(19470fd8a31ece24da54190bf1d78d91) Importer(815301076,1909f56bfc062723c751e8b465ee728b)  -> (artifact id: 'e0da75e50511a9a5f8aef1427718d750') in 0.013855 seconds 
========================================================================
Received Import Request.
  Time since last request: 0.000427 seconds.
  path: Assets/sprites/Characters/Wizard/Attack_3.png
  artifactKey: Guid(41f5e64f0eb0ebc4db7fb23ac542e059) Importer(815301076,1909f56bfc062723c751e8b465ee728b)
Start importing Assets/sprites/Characters/Wizard/Attack_3.png using Guid(41f5e64f0eb0ebc4db7fb23ac542e059) Importer(815301076,1909f56bfc062723c751e8b465ee728b)  -> (artifact id: '121c5f9f4f554bba32bce7049b4f7975') in 0.011671 seconds 
========================================================================
Received Import Request.
  Time since last request: 0.000327 seconds.
  path: Assets/sprites/Characters/Wizard/Attack_2.png
  artifactKey: Guid(16c1d180899d652469dc794d9c3c7a99) Importer(815301076,1909f56bfc062723c751e8b465ee728b)
Start importing Assets/sprites/Characters/Wizard/Attack_2.png using Guid(16c1d180899d652469dc794d9c3c7a99) Importer(815301076,1909f56bfc062723c751e8b465ee728b)  -> (artifact id: '8ac4695d693b555ee5241a3f5396fbb1') in 0.009989 seconds 
========================================================================
Received Import Request.
  Time since last request: 27.446217 seconds.
  path: Assets/sprites/Characters/Wizard/Idle.png
  artifactKey: Guid(69562f5d3bb018a4fb8cf2f5d7de3284) Importer(815301076,1909f56bfc062723c751e8b465ee728b)
Start importing Assets/sprites/Characters/Wizard/Idle.png using Guid(69562f5d3bb018a4fb8cf2f5d7de3284) Importer(815301076,1909f56bfc062723c751e8b465ee728b)  -> (artifact id: 'bb9c2ad40333046f9e1d1898cdb44fb4') in 0.006757 seconds 
========================================================================
Received Import Request.
  Time since last request: 34.700348 seconds.
  path: Assets/sprites/Characters/Wizard/Idle.png
  artifactKey: Guid(69562f5d3bb018a4fb8cf2f5d7de3284) Importer(815301076,1909f56bfc062723c751e8b465ee728b)
Start importing Assets/sprites/Characters/Wizard/Idle.png using Guid(69562f5d3bb018a4fb8cf2f5d7de3284) Importer(815301076,1909f56bfc062723c751e8b465ee728b)  -> (artifact id: '44f0b5f788002ebe51ce3d885598fbe6') in 0.040730 seconds 
========================================================================
Received Import Request.
  Time since last request: 263.353307 seconds.
  path: Assets/sprites/Characters/Wizard/Jump.png
  artifactKey: Guid(ab3463347cd1015459a9c1be34ed97e1) Importer(815301076,1909f56bfc062723c751e8b465ee728b)
Start importing Assets/sprites/Characters/Wizard/Jump.png using Guid(ab3463347cd1015459a9c1be34ed97e1) Importer(815301076,1909f56bfc062723c751e8b465ee728b)  -> (artifact id: '3c2e7797d6b9c8e70b4bb88192866530') in 0.007740 seconds 
========================================================================
Received Import Request.
  Time since last request: 19.921568 seconds.
  path: Assets/sprites/Characters/Wizard/Jump.png
  artifactKey: Guid(ab3463347cd1015459a9c1be34ed97e1) Importer(815301076,1909f56bfc062723c751e8b465ee728b)
Start importing Assets/sprites/Characters/Wizard/Jump.png using Guid(ab3463347cd1015459a9c1be34ed97e1) Importer(815301076,1909f56bfc062723c751e8b465ee728b)  -> (artifact id: 'd89eaf10841b40687683218633b39d0e') in 0.061200 seconds 
========================================================================
Received Import Request.
  Time since last request: 130.675210 seconds.
  path: Assets/sprites/Characters/Wizard/Run.png
  artifactKey: Guid(a8be05c881bc9a845940f1208f9eb699) Importer(815301076,1909f56bfc062723c751e8b465ee728b)
Start importing Assets/sprites/Characters/Wizard/Run.png using Guid(a8be05c881bc9a845940f1208f9eb699) Importer(815301076,1909f56bfc062723c751e8b465ee728b)  -> (artifact id: '353055bf58a3b7a1612eaa3704d06171') in 0.021611 seconds 
========================================================================
Received Import Request.
  Time since last request: 28.946652 seconds.
  path: Assets/sprites/Characters/Wizard/Run.png
  artifactKey: Guid(a8be05c881bc9a845940f1208f9eb699) Importer(815301076,1909f56bfc062723c751e8b465ee728b)
Start importing Assets/sprites/Characters/Wizard/Run.png using Guid(a8be05c881bc9a845940f1208f9eb699) Importer(815301076,1909f56bfc062723c751e8b465ee728b)  -> (artifact id: 'd055e3c36efae218d5835966eac1f448') in 0.038253 seconds 
========================================================================
Received Import Request.
  Time since last request: 98.673650 seconds.
  path: Assets/sprites/Characters/Wizard/Walk.png
  artifactKey: Guid(b78b46a951f37d14d85909728ffb605f) Importer(815301076,1909f56bfc062723c751e8b465ee728b)
Start importing Assets/sprites/Characters/Wizard/Walk.png using Guid(b78b46a951f37d14d85909728ffb605f) Importer(815301076,1909f56bfc062723c751e8b465ee728b)  -> (artifact id: '2663351bcd70435283233004d62e24ea') in 0.010376 seconds 
========================================================================
Received Import Request.
  Time since last request: 17.439708 seconds.
  path: Assets/sprites/Characters/Wizard/Walk.png
  artifactKey: Guid(b78b46a951f37d14d85909728ffb605f) Importer(815301076,1909f56bfc062723c751e8b465ee728b)
Start importing Assets/sprites/Characters/Wizard/Walk.png using Guid(b78b46a951f37d14d85909728ffb605f) Importer(815301076,1909f56bfc062723c751e8b465ee728b)  -> (artifact id: '67520076e2a29461cbbabfaa83789076') in 0.007293 seconds 
========================================================================
Received Import Request.
  Time since last request: 29.859838 seconds.
  path: Assets/sprites/Characters/Wizard/Walk.png
  artifactKey: Guid(b78b46a951f37d14d85909728ffb605f) Importer(815301076,1909f56bfc062723c751e8b465ee728b)
Start importing Assets/sprites/Characters/Wizard/Walk.png using Guid(b78b46a951f37d14d85909728ffb605f) Importer(815301076,1909f56bfc062723c751e8b465ee728b)  -> (artifact id: 'efbbdafc1b6e7eb3e3c74869ae8f903a') in 0.034954 seconds 
========================================================================
Received Import Request.
  Time since last request: 204.323701 seconds.
  path: Assets/sprites/Background/PNG
  artifactKey: Guid(63fbc3d7c374c474a8de4ced154744f0) Importer(815301076,1909f56bfc062723c751e8b465ee728b)
Start importing Assets/sprites/Background/PNG using Guid(63fbc3d7c374c474a8de4ced154744f0) Importer(815301076,1909f56bfc062723c751e8b465ee728b)  -> (artifact id: '1ecee111312a552d99eac0d18d6c063a') in 0.001658 seconds 
========================================================================
Received Import Request.
  Time since last request: 2.098402 seconds.
  path: Assets/sprites/Background/PNG/Battleground1
  artifactKey: Guid(016db5d6e8d501f4f8a4170426c1583c) Importer(815301076,1909f56bfc062723c751e8b465ee728b)
Start importing Assets/sprites/Background/PNG/Battleground1 using Guid(016db5d6e8d501f4f8a4170426c1583c) Importer(815301076,1909f56bfc062723c751e8b465ee728b)  -> (artifact id: 'a6590cbdb313485e6fa9b8140640b75e') in 0.001277 seconds 
========================================================================
Received Import Request.
  Time since last request: 1.153720 seconds.
  path: Assets/sprites/Background/PNG/Battleground1/Bright
  artifactKey: Guid(0649b4d2450fe5a4ca30e27ad6fd7b99) Importer(815301076,1909f56bfc062723c751e8b465ee728b)
Start importing Assets/sprites/Background/PNG/Battleground1/Bright using Guid(0649b4d2450fe5a4ca30e27ad6fd7b99) Importer(815301076,1909f56bfc062723c751e8b465ee728b)  -> (artifact id: '84fbd4e00964344cd175161a2f753cf0') in 0.002891 seconds 
========================================================================
Received Import Request.
  Time since last request: 0.052223 seconds.
  path: Assets/sprites/Background/PNG/Battleground1/Bright/Battleground1.png
  artifactKey: Guid(75eac99e1b8438e4ea2a26a0dccfe1b1) Importer(815301076,1909f56bfc062723c751e8b465ee728b)
Start importing Assets/sprites/Background/PNG/Battleground1/Bright/Battleground1.png using Guid(75eac99e1b8438e4ea2a26a0dccfe1b1) Importer(815301076,1909f56bfc062723c751e8b465ee728b)  -> (artifact id: 'dc0bab1c1d76bb714dbb0c391dfe2260') in 0.029727 seconds 
========================================================================
Received Import Request.
  Time since last request: 0.000391 seconds.
  path: Assets/sprites/Background/PNG/Battleground1/Bright/hills&trees.png
  artifactKey: Guid(e65339e003e61924eaef775b237678e4) Importer(815301076,1909f56bfc062723c751e8b465ee728b)
Start importing Assets/sprites/Background/PNG/Battleground1/Bright/hills&trees.png using Guid(e65339e003e61924eaef775b237678e4) Importer(815301076,1909f56bfc062723c751e8b465ee728b)  -> (artifact id: '943b4fa57e954625f0f0cfda000f0787') in 0.044318 seconds 
========================================================================
Received Import Request.
  Time since last request: 0.000239 seconds.
  path: Assets/sprites/Background/PNG/Battleground1/Bright/statue.png
  artifactKey: Guid(5623aa10e7d21a2498b662ac6271bbe5) Importer(815301076,1909f56bfc062723c751e8b465ee728b)
Start importing Assets/sprites/Background/PNG/Battleground1/Bright/statue.png using Guid(5623aa10e7d21a2498b662ac6271bbe5) Importer(815301076,1909f56bfc062723c751e8b465ee728b)  -> (artifact id: 'aaf5823833648f213a89add8cdb34f91') in 0.034473 seconds 
========================================================================
Received Import Request.
  Time since last request: 0.000227 seconds.
  path: Assets/sprites/Background/PNG/Battleground1/Bright/ruins2.png
  artifactKey: Guid(2c6bd058f87857e4fa21dad153f9b118) Importer(815301076,1909f56bfc062723c751e8b465ee728b)
Start importing Assets/sprites/Background/PNG/Battleground1/Bright/ruins2.png using Guid(2c6bd058f87857e4fa21dad153f9b118) Importer(815301076,1909f56bfc062723c751e8b465ee728b)  -> (artifact id: 'ee45a194f07af4029638298354e0e6d6') in 0.028384 seconds 
========================================================================
Received Import Request.
  Time since last request: 0.000344 seconds.
  path: Assets/sprites/Background/PNG/Battleground1/Bright/stones&grass.png
  artifactKey: Guid(b7ae078ad05046844aa973326e7829e1) Importer(815301076,1909f56bfc062723c751e8b465ee728b)
Start importing Assets/sprites/Background/PNG/Battleground1/Bright/stones&grass.png using Guid(b7ae078ad05046844aa973326e7829e1) Importer(815301076,1909f56bfc062723c751e8b465ee728b)  -> (artifact id: '7e806d26424fd0bee585d2e2f2b2e482') in 0.028274 seconds 
========================================================================
Received Import Request.
  Time since last request: 0.000249 seconds.
  path: Assets/sprites/Background/PNG/Battleground1/Bright/sky.png
  artifactKey: Guid(22116f588e821ac41956050b7f0a0ad8) Importer(815301076,1909f56bfc062723c751e8b465ee728b)
Start importing Assets/sprites/Background/PNG/Battleground1/Bright/sky.png using Guid(22116f588e821ac41956050b7f0a0ad8) Importer(815301076,1909f56bfc062723c751e8b465ee728b)  -> (artifact id: '06bb9580ae09dc6cd7747ad77fb2b5a5') in 0.026926 seconds 
========================================================================
Received Import Request.
  Time since last request: 0.000220 seconds.
  path: Assets/sprites/Background/PNG/Battleground1/Bright/ruins.png
  artifactKey: Guid(00f3722ebc1e5d3409901c5105e1af04) Importer(815301076,1909f56bfc062723c751e8b465ee728b)
Start importing Assets/sprites/Background/PNG/Battleground1/Bright/ruins.png using Guid(00f3722ebc1e5d3409901c5105e1af04) Importer(815301076,1909f56bfc062723c751e8b465ee728b)  -> (artifact id: '8d0671dba98a10a728a22fa19f11ad9f') in 0.029671 seconds 
========================================================================
Received Import Request.
  Time since last request: 0.000304 seconds.
  path: Assets/sprites/Background/PNG/Battleground1/Bright/ruins_bg.png
  artifactKey: Guid(1e53aa0f72eebd84d9c598c1fe1524a4) Importer(815301076,1909f56bfc062723c751e8b465ee728b)
Start importing Assets/sprites/Background/PNG/Battleground1/Bright/ruins_bg.png using Guid(1e53aa0f72eebd84d9c598c1fe1524a4) Importer(815301076,1909f56bfc062723c751e8b465ee728b)  -> (artifact id: '4294165a7965a0301fb1729b885e1ce8') in 0.026662 seconds 
========================================================================
Received Import Request.
  Time since last request: 391.963552 seconds.
  path: Assets/Tiles/1 Tiles
  artifactKey: Guid(f2593e15d11bb774ab69cd45f955c9ee) Importer(815301076,1909f56bfc062723c751e8b465ee728b)
Start importing Assets/Tiles/1 Tiles using Guid(f2593e15d11bb774ab69cd45f955c9ee) Importer(815301076,1909f56bfc062723c751e8b465ee728b)  -> (artifact id: '223dd874998bc2954b7640dd4cd78767') in 0.002921 seconds 
========================================================================
Received Import Request.
  Time since last request: 0.086034 seconds.
  path: Assets/Tiles/1 Tiles/Tile_01.png
  artifactKey: Guid(5190845f2b596214aa2695c76d44fca8) Importer(815301076,1909f56bfc062723c751e8b465ee728b)
Start importing Assets/Tiles/1 Tiles/Tile_01.png using Guid(5190845f2b596214aa2695c76d44fca8) Importer(815301076,1909f56bfc062723c751e8b465ee728b)  -> (artifact id: 'cc6757b5277034f18138d708ae37899b') in 0.029239 seconds 
========================================================================
Received Import Request.
  Time since last request: 0.000278 seconds.
  path: Assets/Tiles/1 Tiles/Tile_06.png
  artifactKey: Guid(973e19e8ecee1264aa9ce8cf1aebb20c) Importer(815301076,1909f56bfc062723c751e8b465ee728b)
Start importing Assets/Tiles/1 Tiles/Tile_06.png using Guid(973e19e8ecee1264aa9ce8cf1aebb20c) Importer(815301076,1909f56bfc062723c751e8b465ee728b)  -> (artifact id: '064a1d9906c0a617c99de68b35676dd0') in 0.010302 seconds 
========================================================================
Received Import Request.
  Time since last request: 0.000331 seconds.
  path: Assets/Tiles/1 Tiles/Tile_05.png
  artifactKey: Guid(76de6b761cdfaab47bb63f0848f9d2c8) Importer(815301076,1909f56bfc062723c751e8b465ee728b)
Start importing Assets/Tiles/1 Tiles/Tile_05.png using Guid(76de6b761cdfaab47bb63f0848f9d2c8) Importer(815301076,1909f56bfc062723c751e8b465ee728b)  -> (artifact id: 'a4f822e46099d4c6ea4e130290713230') in 0.010762 seconds 
========================================================================
Received Import Request.
  Time since last request: 0.000276 seconds.
  path: Assets/Tiles/1 Tiles/Tile_12.png
  artifactKey: Guid(9242051c8833ad24d8bf3d32b66f339f) Importer(815301076,1909f56bfc062723c751e8b465ee728b)
Start importing Assets/Tiles/1 Tiles/Tile_12.png using Guid(9242051c8833ad24d8bf3d32b66f339f) Importer(815301076,1909f56bfc062723c751e8b465ee728b)  -> (artifact id: '4d380dd17931ddcca34fa073b6579a19') in 0.011038 seconds 
========================================================================
Received Import Request.
  Time since last request: 0.000296 seconds.
  path: Assets/Tiles/1 Tiles/Tile_11.png
  artifactKey: Guid(87ddd2f68e18d774690d3e15bac73c46) Importer(815301076,1909f56bfc062723c751e8b465ee728b)
Start importing Assets/Tiles/1 Tiles/Tile_11.png using Guid(87ddd2f68e18d774690d3e15bac73c46) Importer(815301076,1909f56bfc062723c751e8b465ee728b)  -> (artifact id: '136d477858abb93b584bf3ee9dddf452') in 0.010514 seconds 
========================================================================
Received Import Request.
  Time since last request: 0.000357 seconds.
  path: Assets/Tiles/1 Tiles/Tile_08.png
  artifactKey: Guid(354517a52b0c5fa45bcf6b4e2a357006) Importer(815301076,1909f56bfc062723c751e8b465ee728b)
Start importing Assets/Tiles/1 Tiles/Tile_08.png using Guid(354517a52b0c5fa45bcf6b4e2a357006) Importer(815301076,1909f56bfc062723c751e8b465ee728b)  -> (artifact id: '9a3277bb3c72aece46761241763fece0') in 0.010618 seconds 
========================================================================
Received Import Request.
  Time since last request: 0.000446 seconds.
  path: Assets/Tiles/1 Tiles/Tile_04.png
  artifactKey: Guid(faa1561410e951248b60b0654c209b1b) Importer(815301076,1909f56bfc062723c751e8b465ee728b)
Start importing Assets/Tiles/1 Tiles/Tile_04.png using Guid(faa1561410e951248b60b0654c209b1b) Importer(815301076,1909f56bfc062723c751e8b465ee728b)  -> (artifact id: 'e13441870a628b8e1165d590b53d8bbf') in 0.010621 seconds 
========================================================================
Received Import Request.
  Time since last request: 0.000281 seconds.
  path: Assets/Tiles/1 Tiles/Tile_03.png
  artifactKey: Guid(135fc87f411ad504689b86e3b0835978) Importer(815301076,1909f56bfc062723c751e8b465ee728b)
Start importing Assets/Tiles/1 Tiles/Tile_03.png using Guid(135fc87f411ad504689b86e3b0835978) Importer(815301076,1909f56bfc062723c751e8b465ee728b)  -> (artifact id: 'bfaa580c76a6b7e4d9af4262d83924a3') in 0.011089 seconds 
========================================================================
Received Import Request.
  Time since last request: 0.000266 seconds.
  path: Assets/Tiles/1 Tiles/Tile_13.png
  artifactKey: Guid(7a6e42b9983521b4997b17019d94ef58) Importer(815301076,1909f56bfc062723c751e8b465ee728b)
Start importing Assets/Tiles/1 Tiles/Tile_13.png using Guid(7a6e42b9983521b4997b17019d94ef58) Importer(815301076,1909f56bfc062723c751e8b465ee728b)  -> (artifact id: '4d8d8865c368bcad64d3e943ceea9088') in 0.010552 seconds 
========================================================================
Received Import Request.
  Time since last request: 0.000256 seconds.
  path: Assets/Tiles/1 Tiles/Tile_10.png
  artifactKey: Guid(ba269bf20d259d24db317fa331822e1a) Importer(815301076,1909f56bfc062723c751e8b465ee728b)
Start importing Assets/Tiles/1 Tiles/Tile_10.png using Guid(ba269bf20d259d24db317fa331822e1a) Importer(815301076,1909f56bfc062723c751e8b465ee728b)  -> (artifact id: '69be1b46e04be35940eb0a44dd65f662') in 0.009424 seconds 
========================================================================
Received Import Request.
  Time since last request: 0.000258 seconds.
  path: Assets/Tiles/1 Tiles/Tile_02.png
  artifactKey: Guid(da7b7ef2dbe0ac84cace300ed0fedbba) Importer(815301076,1909f56bfc062723c751e8b465ee728b)
Start importing Assets/Tiles/1 Tiles/Tile_02.png using Guid(da7b7ef2dbe0ac84cace300ed0fedbba) Importer(815301076,1909f56bfc062723c751e8b465ee728b)  -> (artifact id: '814d698f2cf0b989fb11480498a87d5a') in 0.010649 seconds 
========================================================================
Received Import Request.
  Time since last request: 0.000325 seconds.
  path: Assets/Tiles/1 Tiles/Tile_07.png
  artifactKey: Guid(8550224c07d5c57448a68f199c3fe3c9) Importer(815301076,1909f56bfc062723c751e8b465ee728b)
Start importing Assets/Tiles/1 Tiles/Tile_07.png using Guid(8550224c07d5c57448a68f199c3fe3c9) Importer(815301076,1909f56bfc062723c751e8b465ee728b)  -> (artifact id: '9221d43dd8d717071a1278da7be76877') in 0.011182 seconds 
========================================================================
Received Import Request.
  Time since last request: 0.000290 seconds.
  path: Assets/Tiles/1 Tiles/Tile_09.png
  artifactKey: Guid(f297734a568eccc4db01d9d93d7de448) Importer(815301076,1909f56bfc062723c751e8b465ee728b)
Start importing Assets/Tiles/1 Tiles/Tile_09.png using Guid(f297734a568eccc4db01d9d93d7de448) Importer(815301076,1909f56bfc062723c751e8b465ee728b)  -> (artifact id: 'cdc4ef53859e0c21f1c9dfb19130da8b') in 0.011550 seconds 
========================================================================
Received Prepare
Registering precompiled user dll's ...
Registered in 0.002034 seconds.
Begin MonoManager ReloadAssembly
Symbol file LoadedFromMemory doesn't match image D:\ProyectosUnity\Plataform2D\JuegoPlataforma2D\Library\PackageCache\com.unity.collab-proxy@1.15.15\Lib\Editor\PlasticSCM\unityplastic.dll
Native extension for WindowsStandalone target not found
Refreshing native plugins compatible for Editor in 0.60 ms, found 3 plugins.
Preloading 0 native plugins for Editor in 0.00 ms.
Mono: successfully reloaded assembly
- Completed reload, in  1.108 seconds
Domain Reload Profiling:
	ReloadAssembly (1109ms)
		BeginReloadAssembly (209ms)
			ExecutionOrderSort (0ms)
			DisableScriptedObjects (16ms)
			BackupInstance (0ms)
			ReleaseScriptingObjects (0ms)
			CreateAndSetChildDomain (99ms)
		EndReloadAssembly (838ms)
			LoadAssemblies (101ms)
			RebuildTransferFunctionScriptingTraits (0ms)
			SetupTypeCache (270ms)
			ReleaseScriptCaches (1ms)
			RebuildScriptCaches (54ms)
			SetupLoadedEditorAssemblies (320ms)
				LogAssemblyErrors (0ms)
				InitializePlatformSupportModulesInManaged (5ms)
				SetLoadedEditorAssemblies (1ms)
				RefreshPlugins (1ms)
				BeforeProcessingInitializeOnLoad (90ms)
				ProcessInitializeOnLoadAttributes (204ms)
				ProcessInitializeOnLoadMethodAttributes (12ms)
				AfterProcessingInitializeOnLoad (8ms)
				EditorAssembliesLoaded (0ms)
			ExecutionOrderSort2 (0ms)
			AwakeInstancesAfterBackupRestoration (9ms)
Platform modules already initialized, skipping
Switching build target platform(19) subTarget(0) extendedPlatform(0) -> platform(13) subTarget(537395200) extendedPlatform(0)
Refreshing native plugins compatible for Editor in 0.64 ms, found 3 plugins.
Preloading 0 native plugins for Editor in 0.00 ms.
Unloading 2201 Unused Serialized files (Serialized files now loaded: 0)
System memory in use before: 100.2 MB.
System memory in use after: 100.2 MB.

Unloading 20 unused Assets to reduce memory usage. Loaded Objects now: 2679.
Total: 3.820900 ms (FindLiveObjects: 0.246100 ms CreateObjectMapping: 0.094200 ms MarkObjects: 3.333100 ms  DeleteObjects: 0.145900 ms)

AssetImportParameters requested are different than current active one (requested -> active):
  custom:framework-win-MediaFoundation: 216162199b28c13a410421893ffa2e32 -> 
  custom:video-decoder-ogg-theora: a1e56fd34408186e4bbccfd4996cb3dc -> 
  custom:container-muxer-webm: aa71ff27fc2769a1b78a27578f13a17b -> 
  custom:container-demuxer-webm: 4f35f7cbe854078d1ac9338744f61a02 -> 
  custom:container-demuxer-ogg: 62fdf1f143b41e24485cea50d1cbac27 -> 
  custom:video-encoder-webm-vp8: eb34c28f22e8b96e1ab97ce403110664 -> 
  custom:video-decoder-webm-vp8: 9c59270c3fd7afecdb556c50c9e8de78 -> 
  custom:graphics/normal-map-encoding: 01000000000000000000000000000000 -> 02000000000000000000000000000000
  custom:audio-decoder-ogg-vorbis: bf7c407c2cedff20999df2af8eb42d56 -> 
  custom:audio-encoder-webm-vorbis: bf7c407c2cedff20999df2af8eb42d56 -> 
AssetImportWorkerClient::OnTransportError - code=2 error=End of file
